<?xml version="1.0" encoding="UTF-8"?>
<testng-results ignored="0" total="2" passed="1" failed="0" skipped="1">
  <reporter-output>
    <line>
      <![CDATA[Successful login operation***]]>
    </line>
  </reporter-output>
  <suite started-at="2021-08-07T11:10:48 IST" name="---DemoSuite----" finished-at="2021-08-07T11:11:06 IST" duration-ms="18198">
    <groups>
    </groups>
    <test started-at="2021-08-07T11:10:48 IST" name="---Firefox Browser---" finished-at="2021-08-07T11:10:48 IST" duration-ms="100">
      <class name="TestNG_CrossBrowser_Testing.CrossBrowser_Testing">
        <test-method is-config="true" signature="setUp(java.lang.String)[pri:0, instance:TestNG_CrossBrowser_Testing.CrossBrowser_Testing@12468a38]" started-at="2021-08-07T11:10:48 IST" name="setUp" finished-at="1970-01-01T05:30:00 IST" duration-ms="-1628314848063" status="FAIL">
          <exception class="org.testng.TestNGException">
            <message>
              <![CDATA[
Parameter 'testonCH_Browser' is required by BeforeClass on method setUp but has not been marked @Optional or defined
in F:\LT eclipse-workspace\Java_WD_Ex\CrossBrowser_Testing.xml]]>
            </message>
            <full-stacktrace>
              <![CDATA[org.testng.TestNGException: 
Parameter 'testonCH_Browser' is required by BeforeClass on method setUp but has not been marked @Optional or defined
in F:\LT eclipse-workspace\Java_WD_Ex\CrossBrowser_Testing.xml
at org.testng.internal.Parameters.createParams(Parameters.java:270)
at org.testng.internal.Parameters.createParametersForMethod(Parameters.java:358)
at org.testng.internal.Parameters.createParameters(Parameters.java:700)
at org.testng.internal.Parameters.createConfigurationParameters(Parameters.java:168)
at org.testng.internal.ConfigInvoker.invokeConfigurations(ConfigInvoker.java:302)
at org.testng.internal.TestMethodWorker.invokeBeforeClassMethods(TestMethodWorker.java:176)
at org.testng.internal.TestMethodWorker.run(TestMethodWorker.java:122)
at java.base/java.util.ArrayList.forEach(ArrayList.java:1511)
at org.testng.TestRunner.privateRun(TestRunner.java:794)
at org.testng.TestRunner.run(TestRunner.java:596)
at org.testng.SuiteRunner.runTest(SuiteRunner.java:377)
at org.testng.SuiteRunner.runSequentially(SuiteRunner.java:371)
at org.testng.SuiteRunner.privateRun(SuiteRunner.java:332)
at org.testng.SuiteRunner.run(SuiteRunner.java:276)
at org.testng.SuiteRunnerWorker.runSuite(SuiteRunnerWorker.java:53)
at org.testng.SuiteRunnerWorker.run(SuiteRunnerWorker.java:96)
at org.testng.TestNG.runSuitesSequentially(TestNG.java:1212)
at org.testng.TestNG.runSuitesLocally(TestNG.java:1134)
at org.testng.TestNG.runSuites(TestNG.java:1063)
at org.testng.TestNG.run(TestNG.java:1031)
at org.testng.remote.AbstractRemoteTestNG.run(AbstractRemoteTestNG.java:115)
at org.testng.remote.RemoteTestNG.initAndRun(RemoteTestNG.java:251)
at org.testng.remote.RemoteTestNG.main(RemoteTestNG.java:77)
]]>
            </full-stacktrace>
          </exception> <!-- org.testng.TestNGException -->
          <reporter-output>
          </reporter-output>
        </test-method> <!-- setUp -->
        <test-method signature="userLogin()[pri:0, instance:TestNG_CrossBrowser_Testing.CrossBrowser_Testing@12468a38]" started-at="2021-08-07T11:10:48 IST" name="userLogin" finished-at="2021-08-07T11:10:48 IST" duration-ms="0" status="SKIP">
          <exception class="org.testng.TestNGException">
            <message>
              <![CDATA[
Parameter 'testonCH_Browser' is required by BeforeClass on method setUp but has not been marked @Optional or defined
in F:\LT eclipse-workspace\Java_WD_Ex\CrossBrowser_Testing.xml]]>
            </message>
            <full-stacktrace>
              <![CDATA[org.testng.TestNGException: 
Parameter 'testonCH_Browser' is required by BeforeClass on method setUp but has not been marked @Optional or defined
in F:\LT eclipse-workspace\Java_WD_Ex\CrossBrowser_Testing.xml
at org.testng.internal.Parameters.createParams(Parameters.java:270)
at org.testng.internal.Parameters.createParametersForMethod(Parameters.java:358)
at org.testng.internal.Parameters.createParameters(Parameters.java:700)
at org.testng.internal.Parameters.createConfigurationParameters(Parameters.java:168)
at org.testng.internal.ConfigInvoker.invokeConfigurations(ConfigInvoker.java:302)
at org.testng.internal.TestMethodWorker.invokeBeforeClassMethods(TestMethodWorker.java:176)
at org.testng.internal.TestMethodWorker.run(TestMethodWorker.java:122)
at java.base/java.util.ArrayList.forEach(ArrayList.java:1511)
at org.testng.TestRunner.privateRun(TestRunner.java:794)
at org.testng.TestRunner.run(TestRunner.java:596)
at org.testng.SuiteRunner.runTest(SuiteRunner.java:377)
at org.testng.SuiteRunner.runSequentially(SuiteRunner.java:371)
at org.testng.SuiteRunner.privateRun(SuiteRunner.java:332)
at org.testng.SuiteRunner.run(SuiteRunner.java:276)
at org.testng.SuiteRunnerWorker.runSuite(SuiteRunnerWorker.java:53)
at org.testng.SuiteRunnerWorker.run(SuiteRunnerWorker.java:96)
at org.testng.TestNG.runSuitesSequentially(TestNG.java:1212)
at org.testng.TestNG.runSuitesLocally(TestNG.java:1134)
at org.testng.TestNG.runSuites(TestNG.java:1063)
at org.testng.TestNG.run(TestNG.java:1031)
at org.testng.remote.AbstractRemoteTestNG.run(AbstractRemoteTestNG.java:115)
at org.testng.remote.RemoteTestNG.initAndRun(RemoteTestNG.java:251)
at org.testng.remote.RemoteTestNG.main(RemoteTestNG.java:77)
]]>
            </full-stacktrace>
          </exception> <!-- org.testng.TestNGException -->
          <reporter-output>
          </reporter-output>
        </test-method> <!-- userLogin -->
        <test-method is-config="true" signature="tearDown()[pri:0, instance:TestNG_CrossBrowser_Testing.CrossBrowser_Testing@12468a38]" started-at="2021-08-07T11:10:48 IST" name="tearDown" finished-at="1970-01-01T05:30:00 IST" duration-ms="-1628314848123" status="SKIP">
          <reporter-output>
          </reporter-output>
        </test-method> <!-- tearDown -->
      </class> <!-- TestNG_CrossBrowser_Testing.CrossBrowser_Testing -->
    </test> <!-- -Firefox Browser- -->
    <test started-at="2021-08-07T11:10:48 IST" name="---Chrome Browser---" finished-at="2021-08-07T11:11:06 IST" duration-ms="17937">
      <class name="TestNG_CrossBrowser_Testing.CrossBrowser_Testing">
        <test-method is-config="true" signature="setUp(java.lang.String)[pri:0, instance:TestNG_CrossBrowser_Testing.CrossBrowser_Testing@2f9f7dcf]" started-at="2021-08-07T11:10:48 IST" name="setUp" finished-at="2021-08-07T11:10:55 IST" duration-ms="6941" status="PASS">
          <params>
            <param index="0">
              <value>
                <![CDATA[Chrome]]>
              </value>
            </param>
          </params>
          <reporter-output>
          </reporter-output>
        </test-method> <!-- setUp -->
        <test-method signature="userLogin()[pri:0, instance:TestNG_CrossBrowser_Testing.CrossBrowser_Testing@2f9f7dcf]" started-at="2021-08-07T11:10:55 IST" name="userLogin" finished-at="2021-08-07T11:11:05 IST" duration-ms="10547" status="PASS">
          <reporter-output>
            <line>
              <![CDATA[Successful login operation***]]>
            </line>
          </reporter-output>
        </test-method> <!-- userLogin -->
        <test-method is-config="true" signature="tearDown()[pri:0, instance:TestNG_CrossBrowser_Testing.CrossBrowser_Testing@2f9f7dcf]" started-at="2021-08-07T11:11:05 IST" name="tearDown" finished-at="2021-08-07T11:11:06 IST" duration-ms="435" status="PASS">
          <reporter-output>
          </reporter-output>
        </test-method> <!-- tearDown -->
      </class> <!-- TestNG_CrossBrowser_Testing.CrossBrowser_Testing -->
    </test> <!-- -Chrome Browser- -->
  </suite> <!-- -DemoSuite- -->
</testng-results>
