<?xml version="1.0" encoding="UTF-8"?>
<!-- Generated by org.testng.reporters.JUnitXMLReporter -->
<testsuite ignored="0" hostname="DESKTOP-C8DN33F" failures="0" tests="1"
	name="---Firefox Browser---" time="0.075" errors="0"
	timestamp="2021-07-29T17:24:33 IST">
	<testcase classname="TestNG_CrossBrowser_Testing.CrossBrowser_Testing"
		name="@BeforeClass setUp" time="-1.627559673026E9">
		<failure type="org.testng.TestNGException"
			message="
Parameter &amp;apos;testonCH_Browser&amp;apos; is required by BeforeClass on method setUp but has not been marked @Optional or defined
in F:\LT eclipse-workspace\Java_WD_Ex\CrossBrowser_Testing.xml">
      <![CDATA[org.testng.TestNGException: 
Parameter 'testonCH_Browser' is required by BeforeClass on method setUp but has not been marked @Optional or defined
in F:\LT eclipse-workspace\Java_WD_Ex\CrossBrowser_Testing.xml
at java.base/java.util.ArrayList.forEach(ArrayList.java:1511)
... Removed 22 stack frames]]>
    </failure>
	</testcase> <!--
	@BeforeClass setUp -->
	<testcase classname="TestNG_CrossBrowser_Testing.CrossBrowser_Testing"
		name="@AfterClass tearDown" time="-1.627559673072E9">
		<skipped />
	</testcase> <!-- @AfterClass tearDown -->
	<testcase classname="TestNG_CrossBrowser_Testing.CrossBrowser_Testing"
		name="userLogin" time="0.0">
		<skipped />
	</testcase> <!-- userLogin -->
</testsuite> <!-- -Firefox Browser- -->
